<?xml version="1.0" encoding="UTF-8"?>
<!-- Generated by org.testng.reporters.JUnitReportReporter -->
<testsuite skipped="0" hostname="zzj" name="com.bys.devicpass.DPAutoTest.testNavigateToAuthLogin" tests="1" failures="0" timestamp="17 十月 2017 14:16:23 GMT" time="21.527" errors="0">
  <testcase name="test2" time="21.527" classname="com.bys.devicpass.DPAutoTest.testNavigateToAuthLogin"/>
</testsuite> <!-- com.bys.devicpass.DPAutoTest.testNavigateToAuthLogin -->
