<?xml version="1.0" encoding="UTF-8"?>
<!-- Generated by org.testng.reporters.JUnitReportReporter -->
<testsuite skipped="0" hostname="zzj" name="com.bys.devicpass.DPAutoTest.Practice3OnTestng" tests="2" failures="0" timestamp="17 十月 2017 14:12:59 GMT" time="0.010" errors="0">
  <testcase name="testSubModule1" time="0.009" classname="com.bys.devicpass.DPAutoTest.Practice3OnTestng"/>
  <testcase name="testSubModule2" time="0.001" classname="com.bys.devicpass.DPAutoTest.Practice3OnTestng"/>
</testsuite> <!-- com.bys.devicpass.DPAutoTest.Practice3OnTestng -->
